<?xml version="1.0" encoding="UTF-8"?>
<testsuite xmlns:xsi="http://www.w3.org/2001/XMLSchema-instance" xsi:noNamespaceSchemaLocation="https://maven.apache.org/surefire/maven-surefire-plugin/xsd/surefire-test-report.xsd" name="TestSuite" time="0.976" tests="0" errors="0" skipped="0" failures="0">
  <properties>
    <property name="sun.desktop" value="windows"/>
    <property name="awt.toolkit" value="sun.awt.windows.WToolkit"/>
    <property name="file.encoding.pkg" value="sun.io"/>
    <property name="java.specification.version" value="1.8"/>
    <property name="sun.cpu.isalist" value="amd64"/>
    <property name="sun.jnu.encoding" value="Cp1252"/>
    <property name="java.class.path" value="F:\LearningCenter\centerlearn-web\target\test-classes;F:\LearningCenter\centerlearn-web\target\classes;F:\LearningCenter\centerlearn-common\target\centerlearn-common-1.0.0.jar;C:\Users\nhata\.m2\repository\com\mysql\mysql-connector-j\8.0.32\mysql-connector-j-8.0.32.jar;C:\Users\nhata\.m2\repository\com\tvd12\ezyfox-bean\1.2.8\ezyfox-bean-1.2.8.jar;C:\Users\nhata\.m2\repository\com\tvd12\ezyfox-common\1.2.8\ezyfox-common-1.2.8.jar;C:\Users\nhata\.m2\repository\com\tvd12\ezyfox-security\1.2.8\ezyfox-security-1.2.8.jar;C:\Users\nhata\.m2\repository\com\tvd12\ezyfox-io\1.2.8\ezyfox-io-1.2.8.jar;C:\Users\nhata\.m2\repository\com\tvd12\ezyfox-concurrent\1.2.8\ezyfox-concurrent-1.2.8.jar;C:\Users\nhata\.m2\repository\com\tvd12\ezyfox-util\1.2.8\ezyfox-util-1.2.8.jar;C:\Users\nhata\.m2\repository\com\tvd12\properties-file\1.1.8\properties-file-1.1.8.jar;C:\Users\nhata\.m2\repository\com\tvd12\reflections\1.0.2\reflections-1.0.2.jar;C:\Users\nhata\.m2\repository\org\javassist\javassist\3.29.0-GA\javassist-3.29.0-GA.jar;C:\Users\nhata\.m2\repository\ch\qos\logback\logback-classic\1.2.11\logback-classic-1.2.11.jar;C:\Users\nhata\.m2\repository\ch\qos\logback\logback-core\1.2.11\logback-core-1.2.11.jar;C:\Users\nhata\.m2\repository\com\tvd12\ezyfox-boot-autoconfigure\1.1.0\ezyfox-boot-autoconfigure-1.1.0.jar;C:\Users\nhata\.m2\repository\com\tvd12\ezydata-jpa\1.2.8\ezydata-jpa-1.2.8.jar;C:\Users\nhata\.m2\repository\com\tvd12\ezydata-database\1.2.8\ezydata-database-1.2.8.jar;C:\Users\nhata\.m2\repository\com\tvd12\ezyfox-database\1.2.8\ezyfox-database-1.2.8.jar;C:\Users\nhata\.m2\repository\com\tvd12\ezyfox-binding\1.2.8\ezyfox-binding-1.2.8.jar;C:\Users\nhata\.m2\repository\com\tvd12\ezyhttp-server-boot\1.3.2\ezyhttp-server-boot-1.3.2.jar;C:\Users\nhata\.m2\repository\com\tvd12\ezyhttp-server-jetty\1.3.2\ezyhttp-server-jetty-1.3.2.jar;C:\Users\nhata\.m2\repository\com\tvd12\ezyhttp-server-core\1.3.2\ezyhttp-server-core-1.3.2.jar;C:\Users\nhata\.m2\repository\org\eclipse\jetty\jetty-server\9.4.50.v20221201\jetty-server-9.4.50.v20221201.jar;C:\Users\nhata\.m2\repository\org\eclipse\jetty\jetty-http\9.4.50.v20221201\jetty-http-9.4.50.v20221201.jar;C:\Users\nhata\.m2\repository\org\eclipse\jetty\jetty-io\9.4.50.v20221201\jetty-io-9.4.50.v20221201.jar;C:\Users\nhata\.m2\repository\org\eclipse\jetty\jetty-servlet\9.4.50.v20221201\jetty-servlet-9.4.50.v20221201.jar;C:\Users\nhata\.m2\repository\org\eclipse\jetty\jetty-security\9.4.50.v20221201\jetty-security-9.4.50.v20221201.jar;C:\Users\nhata\.m2\repository\org\eclipse\jetty\jetty-util-ajax\9.4.50.v20221201\jetty-util-ajax-9.4.50.v20221201.jar;C:\Users\nhata\.m2\repository\org\eclipse\jetty\jetty-servlets\9.4.50.v20221201\jetty-servlets-9.4.50.v20221201.jar;C:\Users\nhata\.m2\repository\org\eclipse\jetty\jetty-continuation\9.4.50.v20221201\jetty-continuation-9.4.50.v20221201.jar;C:\Users\nhata\.m2\repository\org\eclipse\jetty\jetty-util\9.4.50.v20221201\jetty-util-9.4.50.v20221201.jar;C:\Users\nhata\.m2\repository\com\tvd12\ezyhttp-client\1.3.2\ezyhttp-client-1.3.2.jar;C:\Users\nhata\.m2\repository\com\tvd12\ezyhttp-core\1.3.2\ezyhttp-core-1.3.2.jar;C:\Users\nhata\.m2\repository\com\tvd12\ezyfox-jackson\1.2.8\ezyfox-jackson-1.2.8.jar;C:\Users\nhata\.m2\repository\com\tvd12\ezyfox-codec\1.2.8\ezyfox-codec-1.2.8.jar;C:\Users\nhata\.m2\repository\com\tvd12\ezyfox-json\1.2.8\ezyfox-json-1.2.8.jar;C:\Users\nhata\.m2\repository\com\fasterxml\jackson\core\jackson-databind\2.14.2\jackson-databind-2.14.2.jar;C:\Users\nhata\.m2\repository\com\fasterxml\jackson\core\jackson-annotations\2.14.2\jackson-annotations-2.14.2.jar;C:\Users\nhata\.m2\repository\com\fasterxml\jackson\core\jackson-core\2.14.2\jackson-core-2.14.2.jar;C:\Users\nhata\.m2\repository\com\zaxxer\HikariCP\4.0.3\HikariCP-4.0.3.jar;C:\Users\nhata\.m2\repository\javax\persistence\javax.persistence-api\2.2\javax.persistence-api-2.2.jar;C:\Users\nhata\.m2\repository\javax\transaction\javax.transaction-api\1.3\javax.transaction-api-1.3.jar;C:\Users\nhata\.m2\repository\javax\servlet\javax.servlet-api\3.1.0\javax.servlet-api-3.1.0.jar;C:\Users\nhata\.m2\repository\org\hibernate\hibernate-core\5.6.15.Final\hibernate-core-5.6.15.Final.jar;C:\Users\nhata\.m2\repository\org\jboss\logging\jboss-logging\3.4.3.Final\jboss-logging-3.4.3.Final.jar;C:\Users\nhata\.m2\repository\net\bytebuddy\byte-buddy\1.12.18\byte-buddy-1.12.18.jar;C:\Users\nhata\.m2\repository\antlr\antlr\2.7.7\antlr-2.7.7.jar;C:\Users\nhata\.m2\repository\org\jboss\spec\javax\transaction\jboss-transaction-api_1.2_spec\1.1.1.Final\jboss-transaction-api_1.2_spec-1.1.1.Final.jar;C:\Users\nhata\.m2\repository\org\jboss\jandex\2.4.2.Final\jandex-2.4.2.Final.jar;C:\Users\nhata\.m2\repository\com\fasterxml\classmate\1.5.1\classmate-1.5.1.jar;C:\Users\nhata\.m2\repository\javax\activation\javax.activation-api\1.2.0\javax.activation-api-1.2.0.jar;C:\Users\nhata\.m2\repository\org\hibernate\common\hibernate-commons-annotations\5.1.2.Final\hibernate-commons-annotations-5.1.2.Final.jar;C:\Users\nhata\.m2\repository\javax\xml\bind\jaxb-api\2.3.1\jaxb-api-2.3.1.jar;C:\Users\nhata\.m2\repository\org\glassfish\jaxb\jaxb-runtime\2.3.1\jaxb-runtime-2.3.1.jar;C:\Users\nhata\.m2\repository\org\glassfish\jaxb\txw2\2.3.1\txw2-2.3.1.jar;C:\Users\nhata\.m2\repository\com\sun\istack\istack-commons-runtime\3.0.7\istack-commons-runtime-3.0.7.jar;C:\Users\nhata\.m2\repository\org\jvnet\staxex\stax-ex\1.8\stax-ex-1.8.jar;C:\Users\nhata\.m2\repository\com\sun\xml\fastinfoset\FastInfoset\1.2.15\FastInfoset-1.2.15.jar;C:\Users\nhata\.m2\repository\org\youngmonkeys\ezyplatform-devtools\0.0.2\ezyplatform-devtools-0.0.2.jar;C:\Users\nhata\.m2\repository\com\tvd12\ezyhttp-server-thymeleaf\1.3.2\ezyhttp-server-thymeleaf-1.3.2.jar;C:\Users\nhata\.m2\repository\org\thymeleaf\thymeleaf\3.1.2.RELEASE\thymeleaf-3.1.2.RELEASE.jar;C:\Users\nhata\.m2\repository\ognl\ognl\3.3.4\ognl-3.3.4.jar;C:\Users\nhata\.m2\repository\org\attoparser\attoparser\2.0.7.RELEASE\attoparser-2.0.7.RELEASE.jar;C:\Users\nhata\.m2\repository\org\unbescape\unbescape\1.1.6.RELEASE\unbescape-1.1.6.RELEASE.jar;C:\Users\nhata\.m2\repository\nz\net\ultraq\thymeleaf\thymeleaf-layout-dialect\3.2.0\thymeleaf-layout-dialect-3.2.0.jar;C:\Users\nhata\.m2\repository\org\apache\groovy\groovy\4.0.7\groovy-4.0.7.jar;C:\Users\nhata\.m2\repository\nz\net\ultraq\groovy\groovy-extensions\2.1.0\groovy-extensions-2.1.0.jar;C:\Users\nhata\.m2\repository\nz\net\ultraq\thymeleaf\thymeleaf-expression-processor\3.1.0\thymeleaf-expression-processor-3.1.0.jar;C:\Users\nhata\.m2\repository\org\slf4j\slf4j-api\1.7.36\slf4j-api-1.7.36.jar;C:\Users\nhata\.m2\repository\org\mockito\mockito-core\4.0.0\mockito-core-4.0.0.jar;C:\Users\nhata\.m2\repository\net\bytebuddy\byte-buddy-agent\1.11.19\byte-buddy-agent-1.11.19.jar;C:\Users\nhata\.m2\repository\org\objenesis\objenesis\3.2\objenesis-3.2.jar;C:\Users\nhata\.m2\repository\junit\junit\4.13.2\junit-4.13.2.jar;C:\Users\nhata\.m2\repository\org\hamcrest\hamcrest-core\1.3\hamcrest-core-1.3.jar;C:\Users\nhata\.m2\repository\org\projectlombok\lombok\1.18.24\lombok-1.18.24.jar;C:\Users\nhata\.m2\repository\com\tvd12\test-util\1.1.8\test-util-1.1.8.jar;C:\Users\nhata\.m2\repository\org\mockito\mockito-all\1.10.19\mockito-all-1.10.19.jar;C:\Users\nhata\.m2\repository\org\testng\testng\7.5.1\testng-7.5.1.jar;C:\Users\nhata\.m2\repository\com\google\code\findbugs\jsr305\3.0.1\jsr305-3.0.1.jar;C:\Users\nhata\.m2\repository\com\beust\jcommander\1.78\jcommander-1.78.jar;C:\Users\nhata\.m2\repository\org\webjars\jquery\3.5.1\jquery-3.5.1.jar;"/>
    <property name="java.vm.vendor" value="Oracle Corporation"/>
    <property name="sun.arch.data.model" value="64"/>
    <property name="user.variant" value=""/>
    <property name="java.vendor.url" value="http://java.oracle.com/"/>
    <property name="user.timezone" value="Asia/Bangkok"/>
    <property name="java.vm.specification.version" value="1.8"/>
    <property name="os.name" value="Windows 10"/>
    <property name="user.country" value="US"/>
    <property name="sun.java.launcher" value="SUN_STANDARD"/>
    <property name="sun.boot.library.path" value="C:\Program Files\Java\jdk1.8.0_202\jre\bin"/>
    <property name="sun.java.command" value="C:\Users\nhata\AppData\Local\Temp\surefire608866472727303958\surefirebooter2954842461539816614.jar C:\Users\nhata\AppData\Local\Temp\surefire608866472727303958 2024-08-13T00-09-55_676-jvmRun1 surefire502382024024357018tmp surefire_12735914329168593985tmp"/>
    <property name="surefire.test.class.path" value="F:\LearningCenter\centerlearn-web\target\test-classes;F:\LearningCenter\centerlearn-web\target\classes;F:\LearningCenter\centerlearn-common\target\centerlearn-common-1.0.0.jar;C:\Users\nhata\.m2\repository\com\mysql\mysql-connector-j\8.0.32\mysql-connector-j-8.0.32.jar;C:\Users\nhata\.m2\repository\com\tvd12\ezyfox-bean\1.2.8\ezyfox-bean-1.2.8.jar;C:\Users\nhata\.m2\repository\com\tvd12\ezyfox-common\1.2.8\ezyfox-common-1.2.8.jar;C:\Users\nhata\.m2\repository\com\tvd12\ezyfox-security\1.2.8\ezyfox-security-1.2.8.jar;C:\Users\nhata\.m2\repository\com\tvd12\ezyfox-io\1.2.8\ezyfox-io-1.2.8.jar;C:\Users\nhata\.m2\repository\com\tvd12\ezyfox-concurrent\1.2.8\ezyfox-concurrent-1.2.8.jar;C:\Users\nhata\.m2\repository\com\tvd12\ezyfox-util\1.2.8\ezyfox-util-1.2.8.jar;C:\Users\nhata\.m2\repository\com\tvd12\properties-file\1.1.8\properties-file-1.1.8.jar;C:\Users\nhata\.m2\repository\com\tvd12\reflections\1.0.2\reflections-1.0.2.jar;C:\Users\nhata\.m2\repository\org\javassist\javassist\3.29.0-GA\javassist-3.29.0-GA.jar;C:\Users\nhata\.m2\repository\ch\qos\logback\logback-classic\1.2.11\logback-classic-1.2.11.jar;C:\Users\nhata\.m2\repository\ch\qos\logback\logback-core\1.2.11\logback-core-1.2.11.jar;C:\Users\nhata\.m2\repository\com\tvd12\ezyfox-boot-autoconfigure\1.1.0\ezyfox-boot-autoconfigure-1.1.0.jar;C:\Users\nhata\.m2\repository\com\tvd12\ezydata-jpa\1.2.8\ezydata-jpa-1.2.8.jar;C:\Users\nhata\.m2\repository\com\tvd12\ezydata-database\1.2.8\ezydata-database-1.2.8.jar;C:\Users\nhata\.m2\repository\com\tvd12\ezyfox-database\1.2.8\ezyfox-database-1.2.8.jar;C:\Users\nhata\.m2\repository\com\tvd12\ezyfox-binding\1.2.8\ezyfox-binding-1.2.8.jar;C:\Users\nhata\.m2\repository\com\tvd12\ezyhttp-server-boot\1.3.2\ezyhttp-server-boot-1.3.2.jar;C:\Users\nhata\.m2\repository\com\tvd12\ezyhttp-server-jetty\1.3.2\ezyhttp-server-jetty-1.3.2.jar;C:\Users\nhata\.m2\repository\com\tvd12\ezyhttp-server-core\1.3.2\ezyhttp-server-core-1.3.2.jar;C:\Users\nhata\.m2\repository\org\eclipse\jetty\jetty-server\9.4.50.v20221201\jetty-server-9.4.50.v20221201.jar;C:\Users\nhata\.m2\repository\org\eclipse\jetty\jetty-http\9.4.50.v20221201\jetty-http-9.4.50.v20221201.jar;C:\Users\nhata\.m2\repository\org\eclipse\jetty\jetty-io\9.4.50.v20221201\jetty-io-9.4.50.v20221201.jar;C:\Users\nhata\.m2\repository\org\eclipse\jetty\jetty-servlet\9.4.50.v20221201\jetty-servlet-9.4.50.v20221201.jar;C:\Users\nhata\.m2\repository\org\eclipse\jetty\jetty-security\9.4.50.v20221201\jetty-security-9.4.50.v20221201.jar;C:\Users\nhata\.m2\repository\org\eclipse\jetty\jetty-util-ajax\9.4.50.v20221201\jetty-util-ajax-9.4.50.v20221201.jar;C:\Users\nhata\.m2\repository\org\eclipse\jetty\jetty-servlets\9.4.50.v20221201\jetty-servlets-9.4.50.v20221201.jar;C:\Users\nhata\.m2\repository\org\eclipse\jetty\jetty-continuation\9.4.50.v20221201\jetty-continuation-9.4.50.v20221201.jar;C:\Users\nhata\.m2\repository\org\eclipse\jetty\jetty-util\9.4.50.v20221201\jetty-util-9.4.50.v20221201.jar;C:\Users\nhata\.m2\repository\com\tvd12\ezyhttp-client\1.3.2\ezyhttp-client-1.3.2.jar;C:\Users\nhata\.m2\repository\com\tvd12\ezyhttp-core\1.3.2\ezyhttp-core-1.3.2.jar;C:\Users\nhata\.m2\repository\com\tvd12\ezyfox-jackson\1.2.8\ezyfox-jackson-1.2.8.jar;C:\Users\nhata\.m2\repository\com\tvd12\ezyfox-codec\1.2.8\ezyfox-codec-1.2.8.jar;C:\Users\nhata\.m2\repository\com\tvd12\ezyfox-json\1.2.8\ezyfox-json-1.2.8.jar;C:\Users\nhata\.m2\repository\com\fasterxml\jackson\core\jackson-databind\2.14.2\jackson-databind-2.14.2.jar;C:\Users\nhata\.m2\repository\com\fasterxml\jackson\core\jackson-annotations\2.14.2\jackson-annotations-2.14.2.jar;C:\Users\nhata\.m2\repository\com\fasterxml\jackson\core\jackson-core\2.14.2\jackson-core-2.14.2.jar;C:\Users\nhata\.m2\repository\com\zaxxer\HikariCP\4.0.3\HikariCP-4.0.3.jar;C:\Users\nhata\.m2\repository\javax\persistence\javax.persistence-api\2.2\javax.persistence-api-2.2.jar;C:\Users\nhata\.m2\repository\javax\transaction\javax.transaction-api\1.3\javax.transaction-api-1.3.jar;C:\Users\nhata\.m2\repository\javax\servlet\javax.servlet-api\3.1.0\javax.servlet-api-3.1.0.jar;C:\Users\nhata\.m2\repository\org\hibernate\hibernate-core\5.6.15.Final\hibernate-core-5.6.15.Final.jar;C:\Users\nhata\.m2\repository\org\jboss\logging\jboss-logging\3.4.3.Final\jboss-logging-3.4.3.Final.jar;C:\Users\nhata\.m2\repository\net\bytebuddy\byte-buddy\1.12.18\byte-buddy-1.12.18.jar;C:\Users\nhata\.m2\repository\antlr\antlr\2.7.7\antlr-2.7.7.jar;C:\Users\nhata\.m2\repository\org\jboss\spec\javax\transaction\jboss-transaction-api_1.2_spec\1.1.1.Final\jboss-transaction-api_1.2_spec-1.1.1.Final.jar;C:\Users\nhata\.m2\repository\org\jboss\jandex\2.4.2.Final\jandex-2.4.2.Final.jar;C:\Users\nhata\.m2\repository\com\fasterxml\classmate\1.5.1\classmate-1.5.1.jar;C:\Users\nhata\.m2\repository\javax\activation\javax.activation-api\1.2.0\javax.activation-api-1.2.0.jar;C:\Users\nhata\.m2\repository\org\hibernate\common\hibernate-commons-annotations\5.1.2.Final\hibernate-commons-annotations-5.1.2.Final.jar;C:\Users\nhata\.m2\repository\javax\xml\bind\jaxb-api\2.3.1\jaxb-api-2.3.1.jar;C:\Users\nhata\.m2\repository\org\glassfish\jaxb\jaxb-runtime\2.3.1\jaxb-runtime-2.3.1.jar;C:\Users\nhata\.m2\repository\org\glassfish\jaxb\txw2\2.3.1\txw2-2.3.1.jar;C:\Users\nhata\.m2\repository\com\sun\istack\istack-commons-runtime\3.0.7\istack-commons-runtime-3.0.7.jar;C:\Users\nhata\.m2\repository\org\jvnet\staxex\stax-ex\1.8\stax-ex-1.8.jar;C:\Users\nhata\.m2\repository\com\sun\xml\fastinfoset\FastInfoset\1.2.15\FastInfoset-1.2.15.jar;C:\Users\nhata\.m2\repository\org\youngmonkeys\ezyplatform-devtools\0.0.2\ezyplatform-devtools-0.0.2.jar;C:\Users\nhata\.m2\repository\com\tvd12\ezyhttp-server-thymeleaf\1.3.2\ezyhttp-server-thymeleaf-1.3.2.jar;C:\Users\nhata\.m2\repository\org\thymeleaf\thymeleaf\3.1.2.RELEASE\thymeleaf-3.1.2.RELEASE.jar;C:\Users\nhata\.m2\repository\ognl\ognl\3.3.4\ognl-3.3.4.jar;C:\Users\nhata\.m2\repository\org\attoparser\attoparser\2.0.7.RELEASE\attoparser-2.0.7.RELEASE.jar;C:\Users\nhata\.m2\repository\org\unbescape\unbescape\1.1.6.RELEASE\unbescape-1.1.6.RELEASE.jar;C:\Users\nhata\.m2\repository\nz\net\ultraq\thymeleaf\thymeleaf-layout-dialect\3.2.0\thymeleaf-layout-dialect-3.2.0.jar;C:\Users\nhata\.m2\repository\org\apache\groovy\groovy\4.0.7\groovy-4.0.7.jar;C:\Users\nhata\.m2\repository\nz\net\ultraq\groovy\groovy-extensions\2.1.0\groovy-extensions-2.1.0.jar;C:\Users\nhata\.m2\repository\nz\net\ultraq\thymeleaf\thymeleaf-expression-processor\3.1.0\thymeleaf-expression-processor-3.1.0.jar;C:\Users\nhata\.m2\repository\org\slf4j\slf4j-api\1.7.36\slf4j-api-1.7.36.jar;C:\Users\nhata\.m2\repository\org\mockito\mockito-core\4.0.0\mockito-core-4.0.0.jar;C:\Users\nhata\.m2\repository\net\bytebuddy\byte-buddy-agent\1.11.19\byte-buddy-agent-1.11.19.jar;C:\Users\nhata\.m2\repository\org\objenesis\objenesis\3.2\objenesis-3.2.jar;C:\Users\nhata\.m2\repository\junit\junit\4.13.2\junit-4.13.2.jar;C:\Users\nhata\.m2\repository\org\hamcrest\hamcrest-core\1.3\hamcrest-core-1.3.jar;C:\Users\nhata\.m2\repository\org\projectlombok\lombok\1.18.24\lombok-1.18.24.jar;C:\Users\nhata\.m2\repository\com\tvd12\test-util\1.1.8\test-util-1.1.8.jar;C:\Users\nhata\.m2\repository\org\mockito\mockito-all\1.10.19\mockito-all-1.10.19.jar;C:\Users\nhata\.m2\repository\org\testng\testng\7.5.1\testng-7.5.1.jar;C:\Users\nhata\.m2\repository\com\google\code\findbugs\jsr305\3.0.1\jsr305-3.0.1.jar;C:\Users\nhata\.m2\repository\com\beust\jcommander\1.78\jcommander-1.78.jar;C:\Users\nhata\.m2\repository\org\webjars\jquery\3.5.1\jquery-3.5.1.jar;"/>
    <property name="sun.cpu.endian" value="little"/>
    <property name="user.home" value="C:\Users\nhata"/>
    <property name="user.language" value="en"/>
    <property name="java.specification.vendor" value="Oracle Corporation"/>
    <property name="java.home" value="C:\Program Files\Java\jdk1.8.0_202\jre"/>
    <property name="basedir" value="F:\LearningCenter\centerlearn-web"/>
    <property name="file.separator" value="\"/>
    <property name="line.separator" value="&#10;"/>
    <property name="java.vm.specification.vendor" value="Oracle Corporation"/>
    <property name="java.specification.name" value="Java Platform API Specification"/>
    <property name="java.awt.graphicsenv" value="sun.awt.Win32GraphicsEnvironment"/>
    <property name="surefire.real.class.path" value="C:\Users\nhata\AppData\Local\Temp\surefire608866472727303958\surefirebooter2954842461539816614.jar;C:\\Users\\nhata\\.m2\\repository\\org\\jacoco\\org.jacoco.agent\\0.8.7\\org.jacoco.agent-0.8.7-runtime.jar"/>
    <property name="sun.boot.class.path" value="C:\Program Files\Java\jdk1.8.0_202\jre\lib\resources.jar;C:\Program Files\Java\jdk1.8.0_202\jre\lib\rt.jar;C:\Program Files\Java\jdk1.8.0_202\jre\lib\sunrsasign.jar;C:\Program Files\Java\jdk1.8.0_202\jre\lib\jsse.jar;C:\Program Files\Java\jdk1.8.0_202\jre\lib\jce.jar;C:\Program Files\Java\jdk1.8.0_202\jre\lib\charsets.jar;C:\Program Files\Java\jdk1.8.0_202\jre\lib\jfr.jar;C:\Program Files\Java\jdk1.8.0_202\jre\classes"/>
    <property name="user.script" value=""/>
    <property name="sun.management.compiler" value="HotSpot 64-Bit Tiered Compilers"/>
    <property name="java.runtime.version" value="1.8.0_202-b08"/>
    <property name="user.name" value="nhata"/>
    <property name="path.separator" value=";"/>
    <property name="os.version" value="10.0"/>
    <property name="java.endorsed.dirs" value="C:\Program Files\Java\jdk1.8.0_202\jre\lib\endorsed"/>
    <property name="java.runtime.name" value="Java(TM) SE Runtime Environment"/>
    <property name="file.encoding" value="Cp1252"/>
    <property name="java.vm.name" value="Java HotSpot(TM) 64-Bit Server VM"/>
    <property name="localRepository" value="C:\Users\nhata\.m2\repository"/>
    <property name="java.vendor.url.bug" value="http://bugreport.sun.com/bugreport/"/>
    <property name="java.io.tmpdir" value="C:\Users\nhata\AppData\Local\Temp\"/>
    <property name="idea.version" value="2021.1.3"/>
    <property name="java.version" value="1.8.0_202"/>
    <property name="user.dir" value="F:\LearningCenter\centerlearn-web"/>
    <property name="os.arch" value="amd64"/>
    <property name="java.vm.specification.name" value="Java Virtual Machine Specification"/>
    <property name="java.awt.printerjob" value="sun.awt.windows.WPrinterJob"/>
    <property name="sun.os.patch.level" value=""/>
    <property name="java.library.path" value="C:\Program Files\Java\jdk1.8.0_202\jre\bin;C:\Windows\Sun\Java\bin;C:\Windows\system32;C:\Windows;C:\Program Files (x86)\Common Files\Intel\Shared Libraries\redist\intel64_win\compiler;C:\Program Files (x86)\Common Files\Intel\Shared Libraries\redist\intel64\compiler;C:\Windows\system32;C:\Windows;C:\Windows\System32\Wbem;C:\Windows\System32\WindowsPowerShell\v1.0\;C:\Windows\System32\OpenSSH\;C:\Program Files (x86)\NVIDIA Corporation\PhysX\Common;C:\Program Files\Azure Data Studio\bin;C:\Program Files\Microsoft SQL Server\Client SDK\ODBC\170\Tools\Binn\;C:\Program Files\Microsoft SQL Server\150\Tools\Binn\;C:\Program Files\Git\cmd;C:\Program Files\Docker\Docker\resources\bin;C:\Users\nhata\Downloads\sonar-scanner-cli-4.8.0.2856-windows\sonar-scanner-4.8.0.2856-windows\bin;C:\Program Files\dotnet\;C:\Program Files\NVIDIA Corporation\NVIDIA NvDLISR;C:\Program Files\Cloudflare\Cloudflare WARP\;C:\Program Files\nodejs\;C:\Program Files\Java\jdk1.8.0_202\bin;C:\Users\nhata\Downloads\ezyplatform-sdk-0.0.9\ezyplatform-sdk\bin;C:\Users\nhata\Downloads\apache-maven-3.9.8-bin\apache-maven-3.9.8\bin;C:\Program Files\MySQL\MySQL Shell 8.0\bin\;C:\Users\nhata\AppData\Local\Microsoft\WindowsApps;C:\Users\nhata\AppData\Local\Programs\Microsoft VS Code\bin;C:\Program Files\Azure Data Studio\bin;C:\Users\nhata\.dotnet\tools;C:\Users\nhata\AppData\Local\GitHubDesktop\bin;F:\IntelliJ IDEA 2021.1.3\bin;;C:\Users\nhata\AppData\Roaming\npm;."/>
    <property name="java.vm.info" value="mixed mode"/>
    <property name="java.vendor" value="Oracle Corporation"/>
    <property name="java.vm.version" value="25.202-b08"/>
    <property name="java.ext.dirs" value="C:\Program Files\Java\jdk1.8.0_202\jre\lib\ext;C:\Windows\Sun\Java\lib\ext"/>
    <property name="sun.io.unicode.encoding" value="UnicodeLittle"/>
    <property name="java.class.version" value="52.0"/>
  </properties>
</testsuite>